AnXuanTongProject/proguard/seeds.txt
cmcc.gz.lib.controls.SwitchCheckBox: void setEnabled(boolean)
cmcc.gz.lib.controls.SwitchCheckBox: void setCheckedDelayed(boolean)
cmcc.gz.lib.controls.SwitchCheckBox: void setChecked(boolean)
cmcc.gz.lib.controls.SwitchCheckBox: void setOnCheckedChangeListener(android.widget.CompoundButton$OnCheckedChangeListener)
cmcc.gz.lib.controls.SwitchCheckBox: void setOnCheckedChangeWidgetListener(android.widget.CompoundButton$OnCheckedChangeListener)
cmcc.gz.lib.controls.pulltorefresh.PullToRefreshAdapterViewBase: PullToRefreshAdapterViewBase(android.content.Context)
cmcc.gz.lib.controls.pulltorefresh.PullToRefreshAdapterViewBase: PullToRefreshAdapterViewBase(android.content.Context,android.util.AttributeSet)
cmcc.gz.lib.controls.pulltorefresh.PullToRefreshAdapterViewBase: PullToRefreshAdapterViewBase(android.content.Context,cmcc.gz.lib.controls.pulltorefresh.PullToRefreshBase$Mode)
cmcc.gz.lib.controls.pulltorefresh.PullToRefreshAdapterViewBase: PullToRefreshAdapterViewBase(android.content.Context,cmcc.gz.lib.controls.pulltorefresh.PullToRefreshBase$Mode,cmcc.gz.lib.controls.pulltorefresh.PullToRefreshBase$AnimationStyle)
cmcc.gz.lib.controls.pulltorefresh.PullToRefreshAdapterViewBase: boolean getShowIndicator()
cmcc.gz.lib.controls.pulltorefresh.PullToRefreshAdapterViewBase: void setAdapter(android.widget.ListAdapter)
cmcc.gz.lib.controls.pulltorefresh.PullToRefreshAdapterViewBase: void setEmptyView(android.view.View)
cmcc.gz.lib.controls.pulltorefresh.PullToRefreshAdapterViewBase: void setOnItemClickListener(android.widget.AdapterView$OnItemClickListener)
cmcc.gz.lib.controls.pulltorefresh.PullToRefreshAdapterViewBase: void setOnLastItemVisibleListener(cmcc.gz.lib.controls.pulltorefresh.PullToRefreshBase$OnLastItemVisibleListener)
cmcc.gz.lib.controls.pulltorefresh.PullToRefreshAdapterViewBase: void setOnScrollListener(android.widget.AbsListView$OnScrollListener)
cmcc.gz.lib.controls.pulltorefresh.PullToRefreshBase: PullToRefreshBase(android.content.Context)
cmcc.gz.lib.controls.pulltorefresh.PullToRefreshBase: PullToRefreshBase(android.content.Context,android.util.AttributeSet)
cmcc.gz.lib.controls.pulltorefresh.PullToRefreshBase: PullToRefreshBase(android.content.Context,cmcc.gz.lib.controls.pulltorefresh.PullToRefreshBase$Mode)
cmcc.gz.lib.controls.pulltorefresh.PullToRefreshBase: PullToRefreshBase(android.content.Context,cmcc.gz.lib.controls.pulltorefresh.PullToRefreshBase$Mode,cmcc.gz.lib.controls.pulltorefresh.PullToRefreshBase$AnimationStyle)
cmcc.gz.lib.controls.pulltorefresh.PullToRefreshBase: cmcc.gz.lib.controls.pulltorefresh.PullToRefreshBase$Mode getCurrentMode()
cmcc.gz.lib.controls.pulltorefresh.PullToRefreshBase: boolean getFilterTouchEvents()
cmcc.gz.lib.controls.pulltorefresh.PullToRefreshBase: cmcc.gz.lib.controls.pulltorefresh.ILoadingLayout getLoadingLayoutProxy()
cmcc.gz.lib.controls.pulltorefresh.PullToRefreshBase: cmcc.gz.lib.controls.pulltorefresh.PullToRefreshBase$Mode getMode()
cmcc.gz.lib.controls.pulltorefresh.PullToRefreshBase: android.view.View getRefreshableView()
cmcc.gz.lib.controls.pulltorefresh.PullToRefreshBase: boolean getShowViewWhileRefreshing()
cmcc.gz.lib.controls.pulltorefresh.PullToRefreshBase: cmcc.gz.lib.controls.pulltorefresh.PullToRefreshBase$State getState()
cmcc.gz.lib.controls.pulltorefresh.PullToRefreshBase: void setScrollingWhileRefreshingEnabled(boolean)
cmcc.gz.lib.controls.pulltorefresh.PullToRefreshBase$AnimationStyle: cmcc.gz.lib.controls.pulltorefresh.PullToRefreshBase$AnimationStyle[] values()
cmcc.gz.lib.controls.pulltorefresh.PullToRefreshBase$AnimationStyle: cmcc.gz.lib.controls.pulltorefresh.PullToRefreshBase$AnimationStyle valueOf(java.lang.String)
cmcc.gz.lib.controls.pulltorefresh.PullToRefreshBase$Mode: cmcc.gz.lib.controls.pulltorefresh.PullToRefreshBase$Mode[] values()
cmcc.gz.lib.controls.pulltorefresh.PullToRefreshBase$Mode: cmcc.gz.lib.controls.pulltorefresh.PullToRefreshBase$Mode valueOf(java.lang.String)